warning: accessing absolute path `/System/Library/Fonts/Supplemental/Arial Unicode.ttf`; build may not be reproducible in other environments
warning: accessing absolute path `/System/Library/Fonts/Menlo.ttc`; build may not be reproducible in other environments
warning: texput.tex:99: Underfull \hbox (badness 10000) in paragraph at lines 97--99
warning: accessing absolute path `/private/var/folders/5w/__wzsntj21z7m2q2r6495z5h0000gn/T/media-93488ba46513321a/plots/ExtendableHashTableBenchmark__overview.png`; build may not be reproducible in other environments
warning: texput.tex:147: Overfull \hbox (2.27951pt too wide) in paragraph at lines 147--147
warning: accessing absolute path `/private/var/folders/5w/__wzsntj21z7m2q2r6495z5h0000gn/T/media-93488ba46513321a/plots/bench.ExtendableHashTableBenchmark.buildFromScratch__score.png`; build may not be reproducible in other environments
warning: accessing absolute path `/private/var/folders/5w/__wzsntj21z7m2q2r6495z5h0000gn/T/media-93488ba46513321a/plots/bench.ExtendableHashTableBenchmark.buildFromScratch__resources.png`; build may not be reproducible in other environments
warning: accessing absolute path `/private/var/folders/5w/__wzsntj21z7m2q2r6495z5h0000gn/T/media-93488ba46513321a/plots/bench.ExtendableHashTableBenchmark.getHit__score.png`; build may not be reproducible in other environments
warning: accessing absolute path `/private/var/folders/5w/__wzsntj21z7m2q2r6495z5h0000gn/T/media-93488ba46513321a/plots/bench.ExtendableHashTableBenchmark.getHit__resources.png`; build may not be reproducible in other environments
warning: accessing absolute path `/private/var/folders/5w/__wzsntj21z7m2q2r6495z5h0000gn/T/media-93488ba46513321a/plots/bench.ExtendableHashTableBenchmark.getMiss__score.png`; build may not be reproducible in other environments
warning: accessing absolute path `/private/var/folders/5w/__wzsntj21z7m2q2r6495z5h0000gn/T/media-93488ba46513321a/plots/bench.ExtendableHashTableBenchmark.getMiss__resources.png`; build may not be reproducible in other environments
warning: accessing absolute path `/private/var/folders/5w/__wzsntj21z7m2q2r6495z5h0000gn/T/media-93488ba46513321a/plots/bench.ExtendableHashTableBenchmark.putThenRemove__score.png`; build may not be reproducible in other environments
warning: accessing absolute path `/private/var/folders/5w/__wzsntj21z7m2q2r6495z5h0000gn/T/media-93488ba46513321a/plots/bench.ExtendableHashTableBenchmark.putThenRemove__resources.png`; build may not be reproducible in other environments
warning: accessing absolute path `/private/var/folders/5w/__wzsntj21z7m2q2r6495z5h0000gn/T/media-93488ba46513321a/plots/bench.ExtendableHashTableBenchmark.removeThenPut__score.png`; build may not be reproducible in other environments
warning: accessing absolute path `/private/var/folders/5w/__wzsntj21z7m2q2r6495z5h0000gn/T/media-93488ba46513321a/plots/bench.ExtendableHashTableBenchmark.removeThenPut__resources.png`; build may not be reproducible in other environments
warning: accessing absolute path `/private/var/folders/5w/__wzsntj21z7m2q2r6495z5h0000gn/T/media-93488ba46513321a/plots/bench.ExtendableHashTableBenchmark.updateExisting__score.png`; build may not be reproducible in other environments
warning: accessing absolute path `/private/var/folders/5w/__wzsntj21z7m2q2r6495z5h0000gn/T/media-93488ba46513321a/plots/bench.ExtendableHashTableBenchmark.updateExisting__resources.png`; build may not be reproducible in other environments
warning: accessing absolute path `/private/var/folders/5w/__wzsntj21z7m2q2r6495z5h0000gn/T/media-93488ba46513321a/plots/LshBenchmark__overview.png`; build may not be reproducible in other environments
warning: accessing absolute path `/private/var/folders/5w/__wzsntj21z7m2q2r6495z5h0000gn/T/media-93488ba46513321a/plots/bench.LshBenchmark.addDocument__score.png`; build may not be reproducible in other environments
warning: accessing absolute path `/private/var/folders/5w/__wzsntj21z7m2q2r6495z5h0000gn/T/media-93488ba46513321a/plots/bench.LshBenchmark.addDocument__resources.png`; build may not be reproducible in other environments
warning: accessing absolute path `/private/var/folders/5w/__wzsntj21z7m2q2r6495z5h0000gn/T/media-93488ba46513321a/plots/bench.LshBenchmark.buildIndex__score.png`; build may not be reproducible in other environments
warning: accessing absolute path `/private/var/folders/5w/__wzsntj21z7m2q2r6495z5h0000gn/T/media-93488ba46513321a/plots/bench.LshBenchmark.buildIndex__resources.png`; build may not be reproducible in other environments
warning: accessing absolute path `/private/var/folders/5w/__wzsntj21z7m2q2r6495z5h0000gn/T/media-93488ba46513321a/plots/bench.LshBenchmark.candidatesQuery__score.png`; build may not be reproducible in other environments
warning: accessing absolute path `/private/var/folders/5w/__wzsntj21z7m2q2r6495z5h0000gn/T/media-93488ba46513321a/plots/bench.LshBenchmark.candidatesQuery__resources.png`; build may not be reproducible in other environments
warning: accessing absolute path `/private/var/folders/5w/__wzsntj21z7m2q2r6495z5h0000gn/T/media-93488ba46513321a/plots/bench.LshBenchmark.nearDuplicatesFullScan__score.png`; build may not be reproducible in other environments
warning: accessing absolute path `/private/var/folders/5w/__wzsntj21z7m2q2r6495z5h0000gn/T/media-93488ba46513321a/plots/bench.LshBenchmark.nearDuplicatesFullScan__resources.png`; build may not be reproducible in other environments
warning: accessing absolute path `/private/var/folders/5w/__wzsntj21z7m2q2r6495z5h0000gn/T/media-93488ba46513321a/plots/bench.LshBenchmark.nearDuplicatesLsh__score.png`; build may not be reproducible in other environments
warning: accessing absolute path `/private/var/folders/5w/__wzsntj21z7m2q2r6495z5h0000gn/T/media-93488ba46513321a/plots/bench.LshBenchmark.nearDuplicatesLsh__resources.png`; build may not be reproducible in other environments
warning: accessing absolute path `/private/var/folders/5w/__wzsntj21z7m2q2r6495z5h0000gn/T/media-93488ba46513321a/plots/PerfectHashingBenchmark__overview.png`; build may not be reproducible in other environments
warning: accessing absolute path `/private/var/folders/5w/__wzsntj21z7m2q2r6495z5h0000gn/T/media-93488ba46513321a/plots/bench.PerfectHashingBenchmark.buildIndex__score.png`; build may not be reproducible in other environments
warning: accessing absolute path `/private/var/folders/5w/__wzsntj21z7m2q2r6495z5h0000gn/T/media-93488ba46513321a/plots/bench.PerfectHashingBenchmark.buildIndex__resources.png`; build may not be reproducible in other environments
warning: accessing absolute path `/private/var/folders/5w/__wzsntj21z7m2q2r6495z5h0000gn/T/media-93488ba46513321a/plots/bench.PerfectHashingBenchmark.containsHit__score.png`; build may not be reproducible in other environments
warning: accessing absolute path `/private/var/folders/5w/__wzsntj21z7m2q2r6495z5h0000gn/T/media-93488ba46513321a/plots/bench.PerfectHashingBenchmark.containsHit__resources.png`; build may not be reproducible in other environments
warning: accessing absolute path `/private/var/folders/5w/__wzsntj21z7m2q2r6495z5h0000gn/T/media-93488ba46513321a/plots/bench.PerfectHashingBenchmark.containsMiss__score.png`; build may not be reproducible in other environments
warning: accessing absolute path `/private/var/folders/5w/__wzsntj21z7m2q2r6495z5h0000gn/T/media-93488ba46513321a/plots/bench.PerfectHashingBenchmark.containsMiss__resources.png`; build may not be reproducible in other environments
warning: accessing absolute path `/private/var/folders/5w/__wzsntj21z7m2q2r6495z5h0000gn/T/media-93488ba46513321a/plots/bench.PerfectHashingBenchmark.getHit__score.png`; build may not be reproducible in other environments
warning: accessing absolute path `/private/var/folders/5w/__wzsntj21z7m2q2r6495z5h0000gn/T/media-93488ba46513321a/plots/bench.PerfectHashingBenchmark.getHit__resources.png`; build may not be reproducible in other environments
warning: accessing absolute path `/private/var/folders/5w/__wzsntj21z7m2q2r6495z5h0000gn/T/media-93488ba46513321a/plots/bench.PerfectHashingBenchmark.getMiss__score.png`; build may not be reproducible in other environments
warning: accessing absolute path `/private/var/folders/5w/__wzsntj21z7m2q2r6495z5h0000gn/T/media-93488ba46513321a/plots/bench.PerfectHashingBenchmark.getMiss__resources.png`; build may not be reproducible in other environments
warning: texput.tex:99: Underfull \hbox (badness 10000) in paragraph at lines 97--99
warning: texput.tex:147: Overfull \hbox (2.27951pt too wide) in paragraph at lines 147--147
warning: warnings were issued by the TeX engine; use --print and/or --keep-logs for details.
